Success (1):
content 5476 _a-0000e7e3-0bd3-8000-8fa8-01ef9001ef90_32530 "CHANEL_ADM_TEST_CONSTANT"

Referenced precedents that were not exported (1):
content 3137 _a-0001d979-1d1e-8000-1d1e-9b00009b0000_59

Trace:
2022-03-14 19:50:55.109 DEBUG content 5476 _a-0000e7e3-0bd3-8000-8fa8-01ef9001ef90_32530 Begin transport.
2022-03-14 19:50:55.109 DEBUG content 5476 _a-0000e7e3-0bd3-8000-8fa8-01ef9001ef90_32530 Retrieving object data.
2022-03-14 19:50:55.121 DEBUG content 5476 _a-0000e7e3-0bd3-8000-8fa8-01ef9001ef90_32530 Setting uuids of object references.
2022-03-14 19:50:55.121 DEBUG content 5476 _a-0000e7e3-0bd3-8000-8fa8-01ef9001ef90_32530 Processing reference: [Content:id=5476,versionId=-1,name=CHANEL_ADM_TEST_CONSTANT,type=32,subtype=0,uuid=_a-0000e7e3-0bd3-8000-8fa8-01ef9001ef90_32530,parent=3137]
2022-03-14 19:50:55.121 DEBUG content 5476 _a-0000e7e3-0bd3-8000-8fa8-01ef9001ef90_32530 Processing reference: Constant.forum
2022-03-14 19:50:55.122 DEBUG content 5476 _a-0000e7e3-0bd3-8000-8fa8-01ef9001ef90_32530 Processing reference: Constant.parent
2022-03-14 19:50:55.127 DEBUG content 5476 _a-0000e7e3-0bd3-8000-8fa8-01ef9001ef90_32530 Processing reference: com.appiancorp.suiteapi.content.ContentRoleMap@332c9a32[
  ContentRole[name=readers,inherit=true,allowForAll=false]
  ContentRole[name=authors,inherit=true,allowForAll=false]
  ContentRole[name=administrators,inherit=true,allowForAll=false]
  ContentRole[name=denyReaders,inherit=false,allowForAll=false]
  ContentRole[name=denyAuthors,inherit=false,allowForAll=false]
  ContentRole[name=denyAdministrators,inherit=false,allowForAll=false]
  securityVector=15:SEC_PUBLIC=true,SEC_CREATOR_ADMIN=false,SEC_INH_ADMIN=true,SEC_INH_EDITOR=true,SEC_INH_VIEWER=true,SEC_ALL_ADMIN=false,SEC_ALL_EDITOR=false,SEC_ALL_VIEWER=false
]
2022-03-14 19:50:55.127 DEBUG content 5476 _a-0000e7e3-0bd3-8000-8fa8-01ef9001ef90_32530 Processing reference: ContentRole[name=readers,inherit=true,allowForAll=false]
2022-03-14 19:50:55.127 DEBUG content 5476 _a-0000e7e3-0bd3-8000-8fa8-01ef9001ef90_32530 Processing reference: ContentRole[name=authors,inherit=true,allowForAll=false]
2022-03-14 19:50:55.127 DEBUG content 5476 _a-0000e7e3-0bd3-8000-8fa8-01ef9001ef90_32530 Processing reference: ContentRole[name=administrators,inherit=true,allowForAll=false]
2022-03-14 19:50:55.127 DEBUG content 5476 _a-0000e7e3-0bd3-8000-8fa8-01ef9001ef90_32530 Processing reference: ContentRole[name=denyReaders,inherit=false,allowForAll=false]
2022-03-14 19:50:55.127 DEBUG content 5476 _a-0000e7e3-0bd3-8000-8fa8-01ef9001ef90_32530 Processing reference: ContentRole[name=denyAuthors,inherit=false,allowForAll=false]
2022-03-14 19:50:55.127 DEBUG content 5476 _a-0000e7e3-0bd3-8000-8fa8-01ef9001ef90_32530 Processing reference: ContentRole[name=denyAdministrators,inherit=false,allowForAll=false]
2022-03-14 19:50:55.127 DEBUG content 5476 _a-0000e7e3-0bd3-8000-8fa8-01ef9001ef90_32530 Completing produce.
2022-03-14 19:50:55.127 DEBUG content 5476 _a-0000e7e3-0bd3-8000-8fa8-01ef9001ef90_32530 Exporting binary resources.
2022-03-14 19:50:55.127 DEBUG content 5476 _a-0000e7e3-0bd3-8000-8fa8-01ef9001ef90_32530 Serializing object to XML.
2022-03-14 19:50:55.137 DEBUG content 5476 _a-0000e7e3-0bd3-8000-8fa8-01ef9001ef90_32530 Object transported.
